<?xml version="1.0" encoding="UTF-8"?>
<testsuite xmlns:xsi="http://www.w3.org/2001/XMLSchema-instance" xsi:noNamespaceSchemaLocation="https://maven.apache.org/surefire/maven-surefire-plugin/xsd/surefire-test-report-3.0.xsd" version="3.0" name="com.apigeecs.callout.JwtSigningStringCalloutTest" time="0.079" tests="38" errors="0" skipped="0" failures="0">
  <properties>
[...]
</properties>
  <testcase name="testCustomHeaderPrefix" classname="com.apigeecs.callout.JwtSigningStringCalloutTest" time="0.008"/>
  <testcase name="testNoHeaderProperties_ReturnsAbort" classname="com.apigeecs.callout.JwtSigningStringCalloutTest" time="0.0"/>
  <testcase name="testMissingPayload_ReturnsAbort" classname="com.apigeecs.callout.JwtSigningStringCalloutTest" time="0.0"/>
  <testcase name="testInvalidPayloadJson_ReturnsAbort" classname="com.apigeecs.callout.JwtSigningStringCalloutTest" time="0.0"/>
  <testcase name="testHeaderWithNullFlowVariableSkipped" classname="com.apigeecs.callout.JwtSigningStringCalloutTest" time="0.0"/>
  <testcase name="testCritHeaderMissing_ReturnsAbort" classname="com.apigeecs.callout.JwtSigningStringCalloutTest" time="0.0"/>
  <testcase name="testBasicSigningStringConstruction" classname="com.apigeecs.callout.JwtSigningStringCalloutTest" time="0.0"/>
  <testcase name="testBase64UrlEncodeNoPadding" classname="com.apigeecs.callout.JwtSigningStringCalloutTest" time="0.0"/>
  <testcase name="testJsonEscape_Null" classname="com.apigeecs.callout.JwtSigningStringCalloutTest" time="0.0"/>
  <testcase name="testBase64UrlEncodeRoundTrip" classname="com.apigeecs.callout.JwtSigningStringCalloutTest" time="0.0"/>
  <testcase name="testFlowVariableResolutionInPayload" classname="com.apigeecs.callout.JwtSigningStringCalloutTest" time="0.0"/>
  <testcase name="testSigningStringFormat" classname="com.apigeecs.callout.JwtSigningStringCalloutTest" time="0.0"/>
  <testcase name="testBase64UrlEncodeUrlSafe" classname="com.apigeecs.callout.JwtSigningStringCalloutTest" time="0.0"/>
  <testcase name="testDynamicHeaderConstruction" classname="com.apigeecs.callout.JwtSigningStringCalloutTest" time="0.0"/>
  <testcase name="testHeaderWithEmptyFlowVariableSkipped" classname="com.apigeecs.callout.JwtSigningStringCalloutTest" time="0.0"/>
  <testcase name="testEmptyPayload_ReturnsAbort" classname="com.apigeecs.callout.JwtSigningStringCalloutTest" time="0.0"/>
  <testcase name="testCustomOutputVariableNames" classname="com.apigeecs.callout.JwtSigningStringCalloutTest" time="0.0"/>
  <testcase name="testAllHeadersFromKvmPresent" classname="com.apigeecs.callout.JwtSigningStringCalloutTest" time="0.001"/>
  <testcase name="testEmptyCritHeaders_NoError" classname="com.apigeecs.callout.JwtSigningStringCalloutTest" time="0.0"/>
  <testcase name="testFlowVariableResolutionInline" classname="com.apigeecs.callout.JwtSigningStringCalloutTest" time="0.0"/>
  <testcase name="testCritHeadersMultiple" classname="com.apigeecs.callout.JwtSigningStringCalloutTest" time="0.001"/>
  <testcase name="testFlowVariableResolutionNull" classname="com.apigeecs.callout.JwtSigningStringCalloutTest" time="0.0"/>
  <testcase name="testCritHeadersPositive" classname="com.apigeecs.callout.JwtSigningStringCalloutTest" time="0.001"/>
  <testcase name="testHeaderPropertyWithEmptyNameIgnored" classname="com.apigeecs.callout.JwtSigningStringCalloutTest" time="0.0"/>
  <testcase name="testNoCritHeadersProperty_NoError" classname="com.apigeecs.callout.JwtSigningStringCalloutTest" time="0.0"/>
  <testcase name="testDefaultOutputVariableNames" classname="com.apigeecs.callout.JwtSigningStringCalloutTest" time="0.0"/>
  <testcase name="testPayloadFlowVariableResolvesToEmpty_ReturnsAbort" classname="com.apigeecs.callout.JwtSigningStringCalloutTest" time="0.0"/>
  <testcase name="testFlowVariableResolutionMissingVariable" classname="com.apigeecs.callout.JwtSigningStringCalloutTest" time="0.001"/>
  <testcase name="testJsonEscape_NoEscaping" classname="com.apigeecs.callout.JwtSigningStringCalloutTest" time="0.0"/>
  <testcase name="testBuildHeaderJson_WithCrit" classname="com.apigeecs.callout.JwtSigningStringCalloutTest" time="0.0"/>
  <testcase name="testFlowVariableResolutionInHeaderValues" classname="com.apigeecs.callout.JwtSigningStringCalloutTest" time="0.001"/>
  <testcase name="testBuildHeaderJson_Simple" classname="com.apigeecs.callout.JwtSigningStringCalloutTest" time="0.0"/>
  <testcase name="testJsonEscape_SpecialChars" classname="com.apigeecs.callout.JwtSigningStringCalloutTest" time="0.0"/>
  <testcase name="testFlowVariableResolutionNoVariables" classname="com.apigeecs.callout.JwtSigningStringCalloutTest" time="0.0"/>
  <testcase name="testErrorClearedOnSuccess" classname="com.apigeecs.callout.JwtSigningStringCalloutTest" time="0.0"/>
  <testcase name="testBase64UrlEncodeEmptyString" classname="com.apigeecs.callout.JwtSigningStringCalloutTest" time="0.0"/>
  <testcase name="testSigningStringDecodesCorrectly" classname="com.apigeecs.callout.JwtSigningStringCalloutTest" time="0.001"/>
  <testcase name="testBase64UrlEncodeKnownValue" classname="com.apigeecs.callout.JwtSigningStringCalloutTest" time="0.0"/>
</testsuite>